# JRE version: Java(TM) SE Runtime Environment (8.0_151-b12) (build 1.8.0_151-b12)
# Java VM: Java HotSpot(TM) Server VM (25.151-b12 mixed mode linux-x86 )
Heap:
 PSYoungGen      total 9984K, used 6444K [0x9dac0000, 0x9e700000, 0xa7800000)
  eden space 7424K, 86% used [0x9dac0000,0x9e107278,0x9e200000)
  from space 2560K, 0% used [0x9e480000,0x9e484000,0x9e700000)
  to   space 2560K, 0% used [0x9e200000,0x9e200000,0x9e480000)
 ParOldGen       total 20480K, used 7266K [0x8a000000, 0x8b400000, 0x9dac0000)
  object space 20480K, 35% used [0x8a000000,0x8a7188d0,0x8b400000)
 Metaspace       used 13002K, capacity 13235K, committed 13336K, reserved 13616K
GC Heap History (10 events):
Event: 851,098 GC heap before
{Heap before GC invocations=20 (full 0):
 PSYoungGen      total 7680K, used 7440K [0x9dac0000, 0x9e800000, 0xa7800000)
  eden space 7424K, 100% used [0x9dac0000,0x9e200000,0x9e200000)
  from space 256K, 6% used [0x9e200000,0x9e204000,0x9e240000)
  to   space 3072K, 0% used [0x9e500000,0x9e500000,0x9e800000)
 ParOldGen       total 20480K, used 6962K [0x8a000000, 0x8b400000, 0x9dac0000)
  object space 20480K, 33% used [0x8a000000,0x8a6cc8c8,0x8b400000)
 Metaspace       used 12928K, capacity 13166K, committed 13336K, reserved 13616K
Event: 851,102 GC heap after
Heap after GC invocations=20 (full 0):
 PSYoungGen      total 10496K, used 32K [0x9dac0000, 0x9e800000, 0xa7800000)
  eden space 7424K, 0% used [0x9dac0000,0x9dac0000,0x9e200000)
  from space 3072K, 1% used [0x9e500000,0x9e508000,0x9e800000)
  to   space 3072K, 0% used [0x9e200000,0x9e200000,0x9e500000)
 ParOldGen       total 20480K, used 6970K [0x8a000000, 0x8b400000, 0x9dac0000)
  object space 20480K, 34% used [0x8a000000,0x8a6ce8c8,0x8b400000)
 Metaspace       used 12928K, capacity 13166K, committed 13336K, reserved 13616K
}
Event: 905,406 GC heap before
{Heap before GC invocations=21 (full 0):
 PSYoungGen      total 10496K, used 7456K [0x9dac0000, 0x9e800000, 0xa7800000)
  eden space 7424K, 100% used [0x9dac0000,0x9e200000,0x9e200000)
  from space 3072K, 1% used [0x9e500000,0x9e508000,0x9e800000)
  to   space 3072K, 0% used [0x9e200000,0x9e200000,0x9e500000)
 ParOldGen       total 20480K, used 6970K [0x8a000000, 0x8b400000, 0x9dac0000)
  object space 20480K, 34% used [0x8a000000,0x8a6ce8c8,0x8b400000)
 Metaspace       used 12928K, capacity 13166K, committed 13336K, reserved 13616K
Event: 905,411 GC heap after
Heap after GC invocations=21 (full 0):
 PSYoungGen      total 7680K, used 16K [0x9dac0000, 0x9e780000, 0xa7800000)
  eden space 7424K, 0% used [0x9dac0000,0x9dac0000,0x9e200000)
  from space 256K, 6% used [0x9e200000,0x9e204000,0x9e240000)
  to   space 2816K, 0% used [0x9e4c0000,0x9e4c0000,0x9e780000)
 ParOldGen       total 20480K, used 6970K [0x8a000000, 0x8b400000, 0x9dac0000)
  object space 20480K, 34% used [0x8a000000,0x8a6ce8c8,0x8b400000)
 Metaspace       used 12928K, capacity 13166K, committed 13336K, reserved 13616K
}
Event: 941,727 GC heap before
{Heap before GC invocations=22 (full 0):
 PSYoungGen      total 7680K, used 7440K [0x9dac0000, 0x9e780000, 0xa7800000)
  eden space 7424K, 100% used [0x9dac0000,0x9e200000,0x9e200000)
  from space 256K, 6% used [0x9e200000,0x9e204000,0x9e240000)
  to   space 2816K, 0% used [0x9e4c0000,0x9e4c0000,0x9e780000)
 ParOldGen       total 20480K, used 6970K [0x8a000000, 0x8b400000, 0x9dac0000)
  object space 20480K, 34% used [0x8a000000,0x8a6ce8c8,0x8b400000)
 Metaspace       used 12990K, capacity 13235K, committed 13336K, reserved 13616K
Event: 941,734 GC heap after
Heap after GC invocations=22 (full 0):
 PSYoungGen      total 10240K, used 928K [0x9dac0000, 0x9e780000, 0xa7800000)
  eden space 7424K, 0% used [0x9dac0000,0x9dac0000,0x9e200000)
  from space 2816K, 32% used [0x9e4c0000,0x9e5a8008,0x9e780000)
  to   space 2816K, 0% used [0x9e200000,0x9e200000,0x9e4c0000)
 ParOldGen       total 20480K, used 6974K [0x8a000000, 0x8b400000, 0x9dac0000)
  object space 20480K, 34% used [0x8a000000,0x8a6cf8c8,0x8b400000)
 Metaspace       used 12990K, capacity 13235K, committed 13336K, reserved 13616K
}
Event: 1094,758 GC heap before
{Heap before GC invocations=23 (full 0):
 PSYoungGen      total 10240K, used 8352K [0x9dac0000, 0x9e780000, 0xa7800000)
  eden space 7424K, 100% used [0x9dac0000,0x9e200000,0x9e200000)
  from space 2816K, 32% used [0x9e4c0000,0x9e5a8008,0x9e780000)
  to   space 2816K, 0% used [0x9e200000,0x9e200000,0x9e4c0000)
 ParOldGen       total 20480K, used 6974K [0x8a000000, 0x8b400000, 0x9dac0000)
  object space 20480K, 34% used [0x8a000000,0x8a6cf8c8,0x8b400000)
 Metaspace       used 12997K, capacity 13235K, committed 13336K, reserved 13616K
Event: 1094,767 GC heap after
Heap after GC invocations=23 (full 0):
 PSYoungGen      total 7680K, used 112K [0x9dac0000, 0x9e700000, 0xa7800000)
  eden space 7424K, 0% used [0x9dac0000,0x9dac0000,0x9e200000)
  from space 256K, 43% used [0x9e200000,0x9e21c000,0x9e240000)
  to   space 2560K, 0% used [0x9e480000,0x9e480000,0x9e700000)
 ParOldGen       total 20480K, used 7262K [0x8a000000, 0x8b400000, 0x9dac0000)
  object space 20480K, 35% used [0x8a000000,0x8a7178d0,0x8b400000)
 Metaspace       used 12997K, capacity 13235K, committed 13336K, reserved 13616K
}
Event: 1253,285 GC heap before
{Heap before GC invocations=24 (full 0):
 PSYoungGen      total 7680K, used 7536K [0x9dac0000, 0x9e700000, 0xa7800000)
  eden space 7424K, 100% used [0x9dac0000,0x9e200000,0x9e200000)
  from space 256K, 43% used [0x9e200000,0x9e21c000,0x9e240000)
  to   space 2560K, 0% used [0x9e480000,0x9e480000,0x9e700000)
 ParOldGen       total 20480K, used 7262K [0x8a000000, 0x8b400000, 0x9dac0000)
  object space 20480K, 35% used [0x8a000000,0x8a7178d0,0x8b400000)
 Metaspace       used 12997K, capacity 13235K, committed 13336K, reserved 13616K
Event: 1253,288 GC heap after
Heap after GC invocations=24 (full 0):
 PSYoungGen      total 9984K, used 16K [0x9dac0000, 0x9e700000, 0xa7800000)
  eden space 7424K, 0% used [0x9dac0000,0x9dac0000,0x9e200000)
  from space 2560K, 0% used [0x9e480000,0x9e484000,0x9e700000)
  to   space 2560K, 0% used [0x9e200000,0x9e200000,0x9e480000)
 ParOldGen       total 20480K, used 7266K [0x8a000000, 0x8b400000, 0x9dac0000)
  object space 20480K, 35% used [0x8a000000,0x8a7188d0,0x8b400000)
 Metaspace       used 12997K, capacity 13235K, committed 13336K, reserved 13616K
}

